PATH: /opt/test/aaz_140125, DATE: 14:01:25, NAME: aaz_140125
PATH: /opt/test/aaz_140125/aaz_140125.az, DATE: 14:01:25, NAME: aaz_140125.az, SIZE: 3k
PATH: /opt/test/aaz_140125/azz_140125.az, DATE: 14:01:25, NAME: azz_140125.az, SIZE: 3k
PATH: /opt/test/aaz_140125/aaaz_140125.az, DATE: 14:01:25, NAME: aaaz_140125.az, SIZE: 3k
PATH: /opt/test/aaz_140125/azzz_140125.az, DATE: 14:01:25, NAME: azzz_140125.az, SIZE: 3k
PATH: /opt/test/aaz_140125/aaaaz_140125.az, DATE: 14:01:25, NAME: aaaaz_140125.az, SIZE: 3k
PATH: /opt/test/azz_140125, DATE: 14:01:25, NAME: azz_140125
PATH: /opt/test/azz_140125/aaz_140125.az, DATE: 14:01:25, NAME: aaz_140125.az, SIZE: 3k
PATH: /opt/test/azz_140125/azz_140125.az, DATE: 14:01:25, NAME: azz_140125.az, SIZE: 3k
PATH: /opt/test/azz_140125/aaaz_140125.az, DATE: 14:01:25, NAME: aaaz_140125.az, SIZE: 3k
PATH: /opt/test/azz_140125/azzz_140125.az, DATE: 14:01:25, NAME: azzz_140125.az, SIZE: 3k
PATH: /opt/test/azz_140125/aaaaz_140125.az, DATE: 14:01:25, NAME: aaaaz_140125.az, SIZE: 3k
PATH: /opt/test/aaaz_140125, DATE: 14:01:25, NAME: aaaz_140125
PATH: /opt/test/aaaz_140125/aaz_140125.az, DATE: 14:01:25, NAME: aaz_140125.az, SIZE: 3k
PATH: /opt/test/aaaz_140125/azz_140125.az, DATE: 14:01:25, NAME: azz_140125.az, SIZE: 3k
PATH: /opt/test/aaaz_140125/aaaz_140125.az, DATE: 14:01:25, NAME: aaaz_140125.az, SIZE: 3k
PATH: /opt/test/aaaz_140125/azzz_140125.az, DATE: 14:01:25, NAME: azzz_140125.az, SIZE: 3k
PATH: /opt/test/aaaz_140125/aaaaz_140125.az, DATE: 14:01:25, NAME: aaaaz_140125.az, SIZE: 3k
PATH: /opt/test/azzz_140125, DATE: 14:01:25, NAME: azzz_140125
PATH: /opt/test/azzz_140125/aaz_140125.az, DATE: 14:01:25, NAME: aaz_140125.az, SIZE: 3k
PATH: /opt/test/azzz_140125/azz_140125.az, DATE: 14:01:25, NAME: azz_140125.az, SIZE: 3k
PATH: /opt/test/azzz_140125/aaaz_140125.az, DATE: 14:01:25, NAME: aaaz_140125.az, SIZE: 3k
PATH: /opt/test/azzz_140125/azzz_140125.az, DATE: 14:01:25, NAME: azzz_140125.az, SIZE: 3k
PATH: /opt/test/azzz_140125/aaaaz_140125.az, DATE: 14:01:25, NAME: aaaaz_140125.az, SIZE: 3k
PATH: /opt/test/aaz_140125, DATE: 14:01:25, NAME: aaz_140125
PATH: /opt/test/aaz_140125/aaz_140125.az, DATE: 14:01:25, NAME: aaz_140125.az, SIZE: 3k
PATH: /opt/test/aaz_140125/azz_140125.az, DATE: 14:01:25, NAME: azz_140125.az, SIZE: 3k
PATH: /opt/test/aaz_140125/aaaz_140125.az, DATE: 14:01:25, NAME: aaaz_140125.az, SIZE: 3k
PATH: /opt/test/aaz_140125/azzz_140125.az, DATE: 14:01:25, NAME: azzz_140125.az, SIZE: 3k
PATH: /opt/test/aaz_140125/aaaaz_140125.az, DATE: 14:01:25, NAME: aaaaz_140125.az, SIZE: 3k
PATH: /opt/test/azz_140125, DATE: 14:01:25, NAME: azz_140125
PATH: /opt/test/azz_140125/aaz_140125.az, DATE: 14:01:25, NAME: aaz_140125.az, SIZE: 3k
PATH: /opt/test/azz_140125/azz_140125.az, DATE: 14:01:25, NAME: azz_140125.az, SIZE: 3k
PATH: /opt/test/azz_140125/aaaz_140125.az, DATE: 14:01:25, NAME: aaaz_140125.az, SIZE: 3k
PATH: /opt/test/azz_140125/azzz_140125.az, DATE: 14:01:25, NAME: azzz_140125.az, SIZE: 3k
PATH: /opt/test/azz_140125/aaaaz_140125.az, DATE: 14:01:25, NAME: aaaaz_140125.az, SIZE: 3k
PATH: /opt/test/aaaz_140125, DATE: 14:01:25, NAME: aaaz_140125
PATH: /opt/test/aaaz_140125/aaz_140125.az, DATE: 14:01:25, NAME: aaz_140125.az, SIZE: 3k
PATH: /opt/test/aaaz_140125/azz_140125.az, DATE: 14:01:25, NAME: azz_140125.az, SIZE: 3k
PATH: /opt/test/aaaz_140125/aaaz_140125.az, DATE: 14:01:25, NAME: aaaz_140125.az, SIZE: 3k
PATH: /opt/test/aaaz_140125/azzz_140125.az, DATE: 14:01:25, NAME: azzz_140125.az, SIZE: 3k
PATH: /opt/test/aaaz_140125/aaaaz_140125.az, DATE: 14:01:25, NAME: aaaaz_140125.az, SIZE: 3k
PATH: /opt/test/azzz_140125, DATE: 14:01:25, NAME: azzz_140125
PATH: /opt/test/azzz_140125/aaz_140125.az, DATE: 14:01:25, NAME: aaz_140125.az, SIZE: 3k
PATH: /opt/test/azzz_140125/azz_140125.az, DATE: 14:01:25, NAME: azz_140125.az, SIZE: 3k
PATH: /opt/test/azzz_140125/aaaz_140125.az, DATE: 14:01:25, NAME: aaaz_140125.az, SIZE: 3k
PATH: /opt/test/azzz_140125/azzz_140125.az, DATE: 14:01:25, NAME: azzz_140125.az, SIZE: 3k
PATH: /opt/test/azzz_140125/aaaaz_140125.az, DATE: 14:01:25, NAME: aaaaz_140125.az, SIZE: 3k
PATH: /opt/test/aaz_160125, DATE: 16:01:25, NAME: aaz_160125
PATH: /opt/test/aaz_160125/aaz_160125.az, DATE: 16:01:25, NAME: aaz_160125.az, SIZE: 3k
PATH: /opt/test/aaz_160125/azz_160125.az, DATE: 16:01:25, NAME: azz_160125.az, SIZE: 3k
PATH: /opt/test/aaz_160125/aaaz_160125.az, DATE: 16:01:25, NAME: aaaz_160125.az, SIZE: 3k
PATH: /opt/test/aaz_160125/azzz_160125.az, DATE: 16:01:25, NAME: azzz_160125.az, SIZE: 3k
PATH: /opt/test/aaz_160125/aaaaz_160125.az, DATE: 16:01:25, NAME: aaaaz_160125.az, SIZE: 3k
PATH: /opt/test/azz_160125, DATE: 16:01:25, NAME: azz_160125
PATH: /opt/test/azz_160125/aaz_160125.az, DATE: 16:01:25, NAME: aaz_160125.az, SIZE: 3k
PATH: /opt/test/azz_160125/azz_160125.az, DATE: 16:01:25, NAME: azz_160125.az, SIZE: 3k
PATH: /opt/test/azz_160125/aaaz_160125.az, DATE: 16:01:25, NAME: aaaz_160125.az, SIZE: 3k
PATH: /opt/test/azz_160125/azzz_160125.az, DATE: 16:01:25, NAME: azzz_160125.az, SIZE: 3k
PATH: /opt/test/azz_160125/aaaaz_160125.az, DATE: 16:01:25, NAME: aaaaz_160125.az, SIZE: 3k
PATH: /opt/test/aaaz_160125, DATE: 16:01:25, NAME: aaaz_160125
PATH: /opt/test/aaaz_160125/aaz_160125.az, DATE: 16:01:25, NAME: aaz_160125.az, SIZE: 3k
PATH: /opt/test/aaaz_160125/azz_160125.az, DATE: 16:01:25, NAME: azz_160125.az, SIZE: 3k
PATH: /opt/test/aaaz_160125/aaaz_160125.az, DATE: 16:01:25, NAME: aaaz_160125.az, SIZE: 3k
PATH: /opt/test/aaaz_160125/azzz_160125.az, DATE: 16:01:25, NAME: azzz_160125.az, SIZE: 3k
PATH: /opt/test/aaaz_160125/aaaaz_160125.az, DATE: 16:01:25, NAME: aaaaz_160125.az, SIZE: 3k
PATH: /opt/test/azzz_160125, DATE: 16:01:25, NAME: azzz_160125
PATH: /opt/test/azzz_160125/aaz_160125.az, DATE: 16:01:25, NAME: aaz_160125.az, SIZE: 3k
PATH: /opt/test/azzz_160125/azz_160125.az, DATE: 16:01:25, NAME: azz_160125.az, SIZE: 3k
PATH: /opt/test/azzz_160125/aaaz_160125.az, DATE: 16:01:25, NAME: aaaz_160125.az, SIZE: 3k
PATH: /opt/test/azzz_160125/azzz_160125.az, DATE: 16:01:25, NAME: azzz_160125.az, SIZE: 3k
PATH: /opt/test/azzz_160125/aaaaz_160125.az, DATE: 16:01:25, NAME: aaaaz_160125.az, SIZE: 3k
